0 info it worked if it ends with ok
1 verbose cli [ '/usr/local/Cellar/node/6.3.0/bin/node',
1 verbose cli   '/usr/local/bin/npm',
1 verbose cli   'run',
1 verbose cli   'watchassets' ]
2 info using npm@3.10.3
3 info using node@v6.3.0
4 verbose run-script [ 'prewatchassets', 'watchassets', 'postwatchassets' ]
5 info lifecycle angular-quickstart@1.0.0~prewatchassets: angular-quickstart@1.0.0
6 silly lifecycle angular-quickstart@1.0.0~prewatchassets: no script for prewatchassets, continuing
7 info lifecycle angular-quickstart@1.0.0~watchassets: angular-quickstart@1.0.0
8 verbose lifecycle angular-quickstart@1.0.0~watchassets: unsafe-perm in lifecycle true
9 verbose lifecycle angular-quickstart@1.0.0~watchassets: PATH: /usr/local/lib/node_modules/npm/bin/node-gyp-bin:/Users/gary/workspace/angular2/angular2-tour-of-heroes/node_modules/.bin:/usr/local/Cellar/node/6.3.0/bin:/usr/local/lib/node_modules/npm/bin/node-gyp-bin:/Users/gary/workspace/angular2/angular2-tour-of-heroes/node_modules/.bin:/usr/local/Cellar/node/6.3.0/bin:/Library/Frameworks/Python.framework/Versions/3.5/bin:/usr/bin:/bin:/usr/sbin:/sbin:/usr/local/bin:/Users/gary/tools/ant-1.9.7/bin:/Users/gary/tools/maven-3.3.9/bin:/usr/local/Cellar/gradle/3.0/bin
10 verbose lifecycle angular-quickstart@1.0.0~watchassets: CWD: /Users/gary/workspace/angular2/angular2-tour-of-heroes
11 silly lifecycle angular-quickstart@1.0.0~watchassets: Args: [ '-c',
11 silly lifecycle   'onchange \'app/**/*.css\' \'app/**/*.html\' -e \'dist/*\' -v -- rsync -a --include=\'*.css\' --include=\'*.html\' --include=\'*/\' --exclude=\'*\' ./app/ ./dist/' ]
12 info lifecycle angular-quickstart@1.0.0~watchassets: Failed to exec watchassets script
13 verbose stack Error: angular-quickstart@1.0.0 watchassets: `onchange 'app/**/*.css' 'app/**/*.html' -e 'dist/*' -v -- rsync -a --include='*.css' --include='*.html' --include='*/' --exclude='*' ./app/ ./dist/`
13 verbose stack spawn ENOENT
13 verbose stack     at ChildProcess.<anonymous> (/usr/local/lib/node_modules/npm/lib/utils/spawn.js:33:16)
13 verbose stack     at emitTwo (events.js:106:13)
13 verbose stack     at ChildProcess.emit (events.js:191:7)
13 verbose stack     at maybeClose (internal/child_process.js:852:16)
13 verbose stack     at Process.ChildProcess._handle.onexit (internal/child_process.js:215:5)
14 verbose pkgid angular-quickstart@1.0.0
15 verbose cwd /Users/gary/workspace/angular2/angular2-tour-of-heroes
16 error Darwin 15.6.0
17 error argv "/usr/local/Cellar/node/6.3.0/bin/node" "/usr/local/bin/npm" "run" "watchassets"
18 error node v6.3.0
19 error npm  v3.10.3
20 error file sh
21 error code ELIFECYCLE
22 error errno ENOENT
23 error syscall spawn
24 error angular-quickstart@1.0.0 watchassets: `onchange 'app/**/*.css' 'app/**/*.html' -e 'dist/*' -v -- rsync -a --include='*.css' --include='*.html' --include='*/' --exclude='*' ./app/ ./dist/`
24 error spawn ENOENT
25 error Failed at the angular-quickstart@1.0.0 watchassets script 'onchange 'app/**/*.css' 'app/**/*.html' -e 'dist/*' -v -- rsync -a --include='*.css' --include='*.html' --include='*/' --exclude='*' ./app/ ./dist/'.
25 error Make sure you have the latest version of node.js and npm installed.
25 error If you do, this is most likely a problem with the angular-quickstart package,
25 error not with npm itself.
25 error Tell the author that this fails on your system:
25 error     onchange 'app/**/*.css' 'app/**/*.html' -e 'dist/*' -v -- rsync -a --include='*.css' --include='*.html' --include='*/' --exclude='*' ./app/ ./dist/
25 error You can get information on how to open an issue for this project with:
25 error     npm bugs angular-quickstart
25 error Or if that isn't available, you can get their info via:
25 error     npm owner ls angular-quickstart
25 error There is likely additional logging output above.
26 verbose exit [ 1, true ]
